\BOOKMARK [1][-]{section.1}{Introduzione}{}% 1
\BOOKMARK [1][-]{section.2}{Stato dell'arte}{}% 2
\BOOKMARK [2][-]{subsection.2.1}{Introduzione ai sistemi CEP}{section.2}% 3
\BOOKMARK [2][-]{subsection.2.2}{Sistemi di Raccomandazione}{section.2}% 4
\BOOKMARK [3][-]{subsubsection.2.2.1}{Filtro collaborativo}{subsection.2.2}% 5
\BOOKMARK [2][-]{subsection.2.3}{Introduzione allo Stream Processing}{section.2}% 6
\BOOKMARK [3][-]{subsubsection.2.3.1}{Il paradigma Publish-Subscribe}{subsection.2.3}% 7
\BOOKMARK [2][-]{subsection.2.4}{Il pattern Facade}{section.2}% 8
\BOOKMARK [2][-]{subsection.2.5}{Il pattern Singleton}{section.2}% 9
\BOOKMARK [2][-]{subsection.2.6}{Il pattern Model-View-Controller \(MVC\)}{section.2}% 10
\BOOKMARK [2][-]{subsection.2.7}{La tecnologia WebSocket}{section.2}% 11
\BOOKMARK [1][-]{section.3}{Analisi del progetto}{}% 12
\BOOKMARK [1][-]{section.4}{Soluzione proposta}{}% 13
\BOOKMARK [2][-]{subsection.4.1}{La libreria Spark}{section.4}% 14
\BOOKMARK [3][-]{subsubsection.4.1.1}{Spark Streaming}{subsection.4.1}% 15
\BOOKMARK [3][-]{subsubsection.4.1.2}{Spark MLlib}{subsection.4.1}% 16
\BOOKMARK [3][-]{subsubsection.4.1.3}{Spark SQL}{subsection.4.1}% 17
\BOOKMARK [2][-]{subsection.4.2}{Apache Kafka}{section.4}% 18
\BOOKMARK [3][-]{subsubsection.4.2.1}{Integrazione con Spark Streaming}{subsection.4.2}% 19
\BOOKMARK [2][-]{subsection.4.3}{Il framework Node.js}{section.4}% 20
\BOOKMARK [3][-]{subsubsection.4.3.1}{Angular.js}{subsection.4.3}% 21
\BOOKMARK [2][-]{subsection.4.4}{La libreria socket.IO}{section.4}% 22
\BOOKMARK [1][-]{section.5}{Conclusioni e sviluppi futuri}{}% 23
\BOOKMARK [1][-]{section.5}{Bibliografia}{}% 24
\BOOKMARK [1][-]{section.6}{Sorgenti}{}% 25
\BOOKMARK [1][-]{Appendice.1.Alph1}{Appendice Sorgenti Spark}{}% 26
\BOOKMARK [1][-]{Appendice.1.Alph2}{Appendice Sorgenti Node.js}{}% 27
